<?xml version="1.0" encoding="UTF-8"?>
<!-- Generated by org.testng.reporters.JUnitReportReporter -->
<testsuite hostname="Madhuri" failures="0" tests="1" name="com.automation.demoQA.demoQAElements" time="1.591" errors="0" timestamp="2020-12-14T11:55:50 GMT" skipped="0">
  <testcase classname="com.automation.demoQA.demoQAElements" name="EmailAddressWithoutFormat" time="1.591"/>
  <system-out/>
</testsuite> <!-- com.automation.demoQA.demoQAElements -->
