<?xml version="1.0" encoding="UTF-8"?>
<!-- Generated by org.testng.reporters.JUnitReportReporter -->
<testsuite hostname="Madhuri" failures="0" tests="4" name="com.automation.demoQA.TextBoxElements" time="6.616" errors="0" timestamp="2020-12-14T12:21:56 GMT" skipped="0">
  <testcase classname="com.automation.demoQA.TextBoxElements" name="VerifyTitle" time="1.155"/>
  <system-out/>
  <testcase classname="com.automation.demoQA.TextBoxElements" name="FillingAllDetailsOfTB" time="1.945"/>
  <system-out/>
  <testcase classname="com.automation.demoQA.TextBoxElements" name="BlankUserName" time="1.756"/>
  <system-out/>
  <testcase classname="com.automation.demoQA.TextBoxElements" name="EmailAddressWithoutFormat" time="1.760"/>
  <system-out/>
</testsuite> <!-- com.automation.demoQA.TextBoxElements -->
