<?xml version="1.0" encoding="UTF-8"?>
<!-- Generated by org.testng.reporters.JUnitReportReporter -->
<testsuite hostname="Madhuri" failures="0" tests="1" name="com.automation.demoQA.RadioButton" time="33.844" errors="0" timestamp="2021-01-14T20:52:54 GMT" skipped="0">
  <testcase classname="com.automation.demoQA.RadioButton" name="RadioButtonOperation" time="33.844"/>
  <system-out/>
</testsuite> <!-- com.automation.demoQA.RadioButton -->
