<?xml version="1.0" encoding="UTF-8"?>
<!-- Generated by org.testng.reporters.JUnitReportReporter -->
<testsuite hostname="Madhuri" failures="0" tests="1" name="com.automation.demoQA.WebElements" time="21.857" errors="0" timestamp="2021-01-14T20:55:18 GMT" skipped="0">
  <testcase classname="com.automation.demoQA.WebElements" name="WebElementTest" time="21.857"/>
  <system-out/>
</testsuite> <!-- com.automation.demoQA.WebElements -->
